Using pre-set license
Built from '2020.3/release' branch; Version is '2020.3.7f1 (dd97f2c94397) revision 14522354'; Using compiler version '192528614'; Build Type 'Release'
OS: 'Windows 10 Home; OS build 19042.1237; Version 2009; 64bit' Language: 'en' Physical Memory: 16333 MB
BatchMode: 1, IsHumanControllingUs: 0, StartBugReporterOnCrash: 0, Is64bit: 1, IsPro: 0

 COMMAND LINE ARGUMENTS:
D:\Program Files 2\2020.3.7f1\Editor\Unity.exe
-adb2
-batchMode
-noUpm
-name
AssetImportWorker0
-projectPath
H:/Github/Femtography-VR/Femtography Unity
-logFile
Logs/AssetImportWorker0.log
-srvPort
50268
Successfully changed project path to: H:/Github/Femtography-VR/Femtography Unity
H:/Github/Femtography-VR/Femtography Unity
Using Asset Import Pipeline V2.
Refreshing native plugins compatible for Editor in 93.67 ms, found 8 plugins.
Preloading 0 native plugins for Editor in 0.00 ms.
Initialize engine version: 2020.3.7f1 (dd97f2c94397)
[Subsystems] Discovering subsystems at path D:/Program Files 2/2020.3.7f1/Editor/Data/Resources/UnitySubsystems
[Subsystems] Discovering subsystems at path H:/Github/Femtography-VR/Femtography Unity/Assets
GfxDevice: creating device client; threaded=0
Direct3D:
    Version:  Direct3D 11.0 [level 11.1]
    Renderer: NVIDIA GeForce RTX 2060 (ID=0x1f08)
    Vendor:   
    VRAM:     5980 MB
    Driver:   30.0.14.7111
Shader 'Universal Render Pipeline/Particles/Lit': fallback shader 'Universal Render Pipeline/Particles/SimpleLit' not found
Initialize mono
Mono path[0] = 'D:/Program Files 2/2020.3.7f1/Editor/Data/Managed'
Mono path[1] = 'D:/Program Files 2/2020.3.7f1/Editor/Data/MonoBleedingEdge/lib/mono/unityjit'
Mono config path = 'D:/Program Files 2/2020.3.7f1/Editor/Data/MonoBleedingEdge/etc'
Using monoOptions --debugger-agent=transport=dt_socket,embedding=1,server=y,suspend=n,address=127.0.0.1:56428
Begin MonoManager ReloadAssembly
Registering precompiled unity dll's ...
Register platform support module: D:/Program Files 2/2020.3.7f1/Editor/Data/PlaybackEngines/WebGLSupport/UnityEditor.WebGL.Extensions.dll
Register platform support module: D:/Program Files 2/2020.3.7f1/Editor/Data/PlaybackEngines/WindowsStandaloneSupport/UnityEditor.WindowsStandalone.Extensions.dll
Registered in 0.001421 seconds.
Native extension for WindowsStandalone target not found
Native extension for WebGL target not found
Refreshing native plugins compatible for Editor in 83.11 ms, found 8 plugins.
Preloading 0 native plugins for Editor in 0.00 ms.
Mono: successfully reloaded assembly
- Completed reload, in  1.433 seconds
Platform modules already initialized, skipping
Registering precompiled user dll's ...
Registered in 0.010300 seconds.
Begin MonoManager ReloadAssembly
Native extension for WindowsStandalone target not found
Native extension for WebGL target not found
Refreshing native plugins compatible for Editor in 88.04 ms, found 8 plugins.
Preloading 0 native plugins for Editor in 0.00 ms.
Mono: successfully reloaded assembly
- Completed reload, in  1.366 seconds
Platform modules already initialized, skipping
========================================================================
Worker process is ready to serve import requests
Shader 'Universal Render Pipeline/Particles/Lit': fallback shader 'Universal Render Pipeline/Particles/SimpleLit' not found
Launched and connected shader compiler UnityShaderCompiler.exe after 0.05 seconds
Refreshing native plugins compatible for Editor in 1.48 ms, found 8 plugins.
Preloading 0 native plugins for Editor in 0.00 ms.
Unloading 4937 Unused Serialized files (Serialized files now loaded: 0)
System memory in use before: 214.5 MB.
System memory in use after: 214.5 MB.

Unloading 59 unused Assets to reduce memory usage. Loaded Objects now: 5373.
Total: 6.514700 ms (FindLiveObjects: 0.529100 ms CreateObjectMapping: 0.383100 ms MarkObjects: 5.465700 ms  DeleteObjects: 0.135900 ms)

========================================================================
Received Import Request.
  path: Assets/ScriptableObjects/Events/Menu/CursorOverMenu.asset
  artifactKey: Guid(177dda652ac11c1418d1cc926ce09b40) Importer(815301076,1909f56bfc062723c751e8b465ee728b)
Start importing Assets/ScriptableObjects/Events/Menu/CursorOverMenu.asset using Guid(177dda652ac11c1418d1cc926ce09b40) Importer(815301076,1909f56bfc062723c751e8b465ee728b)  -> (artifact id: 'f8f3fb81a4e0bf53add4db2748f588e7') in 0.041308 seconds
  Import took 0.079250 seconds .

========================================================================
Received Import Request.
  Time since last request: 0.000213 seconds.
  path: Assets/ScriptableObjects/Events/Menu/TextNo.asset
  artifactKey: Guid(a6350f677a1828c459aac7dadf90dc85) Importer(815301076,1909f56bfc062723c751e8b465ee728b)
Start importing Assets/ScriptableObjects/Events/Menu/TextNo.asset using Guid(a6350f677a1828c459aac7dadf90dc85) Importer(815301076,1909f56bfc062723c751e8b465ee728b)  -> (artifact id: 'aa064c07f75cc41ae12e48dfc713f895') in 0.007248 seconds
  Import took 0.023402 seconds .

========================================================================
Received Import Request.
  Time since last request: 0.000224 seconds.
  path: Assets/ScriptableObjects/Events/Menu/FollowEnable.asset
  artifactKey: Guid(81ffd2d5e0f6c2f4c937f36fa25162a7) Importer(815301076,1909f56bfc062723c751e8b465ee728b)
Start importing Assets/ScriptableObjects/Events/Menu/FollowEnable.asset using Guid(81ffd2d5e0f6c2f4c937f36fa25162a7) Importer(815301076,1909f56bfc062723c751e8b465ee728b)  -> (artifact id: '377cd316f6c1ea02c9f5fc6eb4912152') in 0.007452 seconds
  Import took 0.022039 seconds .

========================================================================
Received Import Request.
  Time since last request: 0.000214 seconds.
  path: Assets/ScriptableObjects/Events/Menu/FollowToggleEnable.asset
  artifactKey: Guid(9ca35bfb1d44fdc4babc472e7978e6ca) Importer(815301076,1909f56bfc062723c751e8b465ee728b)
Start importing Assets/ScriptableObjects/Events/Menu/FollowToggleEnable.asset using Guid(9ca35bfb1d44fdc4babc472e7978e6ca) Importer(815301076,1909f56bfc062723c751e8b465ee728b)  -> (artifact id: '814026a8c8e50714dd7f52e8115650da') in 0.018965 seconds
  Import took 0.048444 seconds .

========================================================================
Received Import Request.
  Time since last request: 0.000200 seconds.
  path: Assets/ScriptableObjects/Events/Menu/MouseLookOn.asset
  artifactKey: Guid(ff683abc15d243f4094a13e05b09762e) Importer(815301076,1909f56bfc062723c751e8b465ee728b)
Start importing Assets/ScriptableObjects/Events/Menu/MouseLookOn.asset using Guid(ff683abc15d243f4094a13e05b09762e) Importer(815301076,1909f56bfc062723c751e8b465ee728b)  -> (artifact id: 'dc6095876f6b89cb7de88c7fdb944314') in 0.006886 seconds
  Import took 0.045421 seconds .

========================================================================
Received Import Request.
  Time since last request: 0.000193 seconds.
  path: Assets/ScriptableObjects/Events/Menu/ShowMenu.asset
  artifactKey: Guid(253ac8605a82a0f49a5947966a12a432) Importer(815301076,1909f56bfc062723c751e8b465ee728b)
Start importing Assets/ScriptableObjects/Events/Menu/ShowMenu.asset using Guid(253ac8605a82a0f49a5947966a12a432) Importer(815301076,1909f56bfc062723c751e8b465ee728b)  -> (artifact id: '3a1b0bd4358d229ff01e1ea8919fd3cc') in 0.006714 seconds
  Import took 0.021832 seconds .

========================================================================
Received Import Request.
  Time since last request: 0.000156 seconds.
  path: Assets/ScriptableObjects/Events/Menu/PauseYes.asset
  artifactKey: Guid(ba5a6fdd2320da84984c60bb4d4ec11e) Importer(815301076,1909f56bfc062723c751e8b465ee728b)
Start importing Assets/ScriptableObjects/Events/Menu/PauseYes.asset using Guid(ba5a6fdd2320da84984c60bb4d4ec11e) Importer(815301076,1909f56bfc062723c751e8b465ee728b)  -> (artifact id: '88f2d39445d3db514bd12c5f48517652') in 0.007175 seconds
  Import took 0.023304 seconds .

========================================================================
Received Import Request.
  Time since last request: 0.000203 seconds.
  path: Assets/ScriptableObjects/Events/Menu/PauseNo.asset
  artifactKey: Guid(7d57a7e356fa3a94eb086ba8001ddb89) Importer(815301076,1909f56bfc062723c751e8b465ee728b)
Start importing Assets/ScriptableObjects/Events/Menu/PauseNo.asset using Guid(7d57a7e356fa3a94eb086ba8001ddb89) Importer(815301076,1909f56bfc062723c751e8b465ee728b)  -> (artifact id: '8f6593bae9c50b0499ffcca390e3547c') in 0.016930 seconds
  Import took 0.032579 seconds .

========================================================================
Received Import Request.
  Time since last request: 0.000212 seconds.
  path: Assets/ScriptableObjects/Events/Menu/TextYes.asset
  artifactKey: Guid(a71c2983d7fbcdf47ab0b4db0c9aebc1) Importer(815301076,1909f56bfc062723c751e8b465ee728b)
Start importing Assets/ScriptableObjects/Events/Menu/TextYes.asset using Guid(a71c2983d7fbcdf47ab0b4db0c9aebc1) Importer(815301076,1909f56bfc062723c751e8b465ee728b)  -> (artifact id: '964fc1052cccbd6f073f2f5f611976e1') in 0.006915 seconds
  Import took 0.037366 seconds .

========================================================================
Received Import Request.
  Time since last request: 0.000222 seconds.
  path: Assets/ScriptableObjects/Events/Menu/FollowDisable.asset
  artifactKey: Guid(98b2783c44f4a804d9b45ec480b4c212) Importer(815301076,1909f56bfc062723c751e8b465ee728b)
Start importing Assets/ScriptableObjects/Events/Menu/FollowDisable.asset using Guid(98b2783c44f4a804d9b45ec480b4c212) Importer(815301076,1909f56bfc062723c751e8b465ee728b)  -> (artifact id: '2ba86a6fa6891de3cd9684d57158c9d8') in 0.006908 seconds
  Import took 0.016986 seconds .

========================================================================
Received Import Request.
  Time since last request: 0.000193 seconds.
  path: Assets/ScriptableObjects/Events/Menu/NewSpeedValueSet.asset
  artifactKey: Guid(aca0ce8d341f25845b1988579584eea3) Importer(815301076,1909f56bfc062723c751e8b465ee728b)
Start importing Assets/ScriptableObjects/Events/Menu/NewSpeedValueSet.asset using Guid(aca0ce8d341f25845b1988579584eea3) Importer(815301076,1909f56bfc062723c751e8b465ee728b)  -> (artifact id: '1207e30d0d0b9d613f4023d95a7cc64b') in 0.026093 seconds
  Import took 0.055822 seconds .

========================================================================
Received Import Request.
  Time since last request: 0.000215 seconds.
  path: Assets/ScriptableObjects/Events/Menu/MouseLookOff.asset
  artifactKey: Guid(9eb2c19df5dbdf5498af1a5c538d1283) Importer(815301076,1909f56bfc062723c751e8b465ee728b)
Start importing Assets/ScriptableObjects/Events/Menu/MouseLookOff.asset using Guid(9eb2c19df5dbdf5498af1a5c538d1283) Importer(815301076,1909f56bfc062723c751e8b465ee728b)  -> (artifact id: 'a505b2faa3597f99faf805171df01c18') in 0.007030 seconds
  Import took 0.025004 seconds .

========================================================================
Received Import Request.
  Time since last request: 0.000231 seconds.
  path: Assets/ScriptableObjects/Events/Menu/MenuStateChange.asset
  artifactKey: Guid(10e02d9dc1984894c80ffb81eb76de0c) Importer(815301076,1909f56bfc062723c751e8b465ee728b)
Start importing Assets/ScriptableObjects/Events/Menu/MenuStateChange.asset using Guid(10e02d9dc1984894c80ffb81eb76de0c) Importer(815301076,1909f56bfc062723c751e8b465ee728b)  -> (artifact id: '65b4f5a37920cf542f3d4a504848a109') in 0.006447 seconds
  Import took 0.014496 seconds .

========================================================================
Received Import Request.
  Time since last request: 0.000220 seconds.
  path: Assets/ScriptableObjects/Events/Menu/CursorOutsideMenu.asset
  artifactKey: Guid(ed1db2d4e3c76b542a43ce9626ba77de) Importer(815301076,1909f56bfc062723c751e8b465ee728b)
Start importing Assets/ScriptableObjects/Events/Menu/CursorOutsideMenu.asset using Guid(ed1db2d4e3c76b542a43ce9626ba77de) Importer(815301076,1909f56bfc062723c751e8b465ee728b)  -> (artifact id: '0e3b132ddf4e0008469e9d0c8bde2662') in 0.027743 seconds
  Import took 0.051054 seconds .

========================================================================
Received Prepare
Registering precompiled user dll's ...
Registered in 0.010749 seconds.
Begin MonoManager ReloadAssembly
Native extension for WindowsStandalone target not found
Native extension for WebGL target not found
Refreshing native plugins compatible for Editor in 1.51 ms, found 8 plugins.
Preloading 0 native plugins for Editor in 0.00 ms.
Mono: successfully reloaded assembly
- Completed reload, in  1.193 seconds
Platform modules already initialized, skipping
Shader 'Universal Render Pipeline/Particles/Lit': fallback shader 'Universal Render Pipeline/Particles/SimpleLit' not found
Refreshing native plugins compatible for Editor in 1.50 ms, found 8 plugins.
Preloading 0 native plugins for Editor in 0.00 ms.
Unloading 4739 Unused Serialized files (Serialized files now loaded: 0)
System memory in use before: 198.9 MB.
System memory in use after: 199.1 MB.

Unloading 49 unused Assets to reduce memory usage. Loaded Objects now: 5376.
Total: 8.537600 ms (FindLiveObjects: 0.655500 ms CreateObjectMapping: 0.157100 ms MarkObjects: 7.602400 ms  DeleteObjects: 0.120200 ms)

========================================================================
Received Prepare
Registering precompiled user dll's ...
Registered in 0.010974 seconds.
Begin MonoManager ReloadAssembly
Native extension for WindowsStandalone target not found
Native extension for WebGL target not found
Refreshing native plugins compatible for Editor in 1.56 ms, found 8 plugins.
Preloading 0 native plugins for Editor in 0.00 ms.
Mono: successfully reloaded assembly
- Completed reload, in  1.189 seconds
Platform modules already initialized, skipping
Shader 'Universal Render Pipeline/Particles/Lit': fallback shader 'Universal Render Pipeline/Particles/SimpleLit' not found
Refreshing native plugins compatible for Editor in 1.47 ms, found 8 plugins.
Preloading 0 native plugins for Editor in 0.00 ms.
Unloading 4739 Unused Serialized files (Serialized files now loaded: 0)
System memory in use before: 199.0 MB.
System memory in use after: 199.2 MB.

Unloading 49 unused Assets to reduce memory usage. Loaded Objects now: 5379.
Total: 8.801400 ms (FindLiveObjects: 0.664200 ms CreateObjectMapping: 0.144900 ms MarkObjects: 7.873300 ms  DeleteObjects: 0.117000 ms)

========================================================================
Received Prepare
Registering precompiled user dll's ...
Registered in 0.011003 seconds.
Begin MonoManager ReloadAssembly
Native extension for WindowsStandalone target not found
Native extension for WebGL target not found
Refreshing native plugins compatible for Editor in 1.40 ms, found 8 plugins.
Preloading 0 native plugins for Editor in 0.00 ms.
Mono: successfully reloaded assembly
- Completed reload, in  1.165 seconds
Platform modules already initialized, skipping
Shader 'Universal Render Pipeline/Particles/Lit': fallback shader 'Universal Render Pipeline/Particles/SimpleLit' not found
Refreshing native plugins compatible for Editor in 1.48 ms, found 8 plugins.
Preloading 0 native plugins for Editor in 0.00 ms.
Unloading 4739 Unused Serialized files (Serialized files now loaded: 0)
System memory in use before: 199.0 MB.
System memory in use after: 199.2 MB.

Unloading 49 unused Assets to reduce memory usage. Loaded Objects now: 5382.
Total: 6.884600 ms (FindLiveObjects: 0.597700 ms CreateObjectMapping: 0.132600 ms MarkObjects: 6.043800 ms  DeleteObjects: 0.108800 ms)

AssetImportWorkerClient::OnTransportError - code=2 error=End of file
