Using pre-set license
Built from '2022.3/release' branch; Version is '2022.3.5f1 (9674261d40ee) revision 9860134'; Using compiler version '192829333'; Build Type 'Release'
OS: 'Windows 11  (10.0.22621) 64bit Core' Language: 'en' Physical Memory: 65461 MB
BatchMode: 1, IsHumanControllingUs: 0, StartBugReporterOnCrash: 0, Is64bit: 1, IsPro: 1

COMMAND LINE ARGUMENTS:
C:\Program Files\2022.3.5f1\Editor\Unity.exe
-adb2
-batchMode
-noUpm
-name
AssetImportWorker5
-projectPath
H:/Github/Femtography-VR/Femtography Unity
-logFile
Logs/AssetImportWorker5.log
-srvPort
53371
Successfully changed project path to: H:/Github/Femtography-VR/Femtography Unity
H:/Github/Femtography-VR/Femtography Unity
[UnityMemory] Configuration Parameters - Can be set up in boot.config
    "memorysetup-bucket-allocator-granularity=16"
    "memorysetup-bucket-allocator-bucket-count=8"
    "memorysetup-bucket-allocator-block-size=33554432"
    "memorysetup-bucket-allocator-block-count=8"
    "memorysetup-main-allocator-block-size=16777216"
    "memorysetup-thread-allocator-block-size=16777216"
    "memorysetup-gfx-main-allocator-block-size=16777216"
    "memorysetup-gfx-thread-allocator-block-size=16777216"
    "memorysetup-cache-allocator-block-size=4194304"
    "memorysetup-typetree-allocator-block-size=2097152"
    "memorysetup-profiler-bucket-allocator-granularity=16"
    "memorysetup-profiler-bucket-allocator-bucket-count=8"
    "memorysetup-profiler-bucket-allocator-block-size=33554432"
    "memorysetup-profiler-bucket-allocator-block-count=8"
    "memorysetup-profiler-allocator-block-size=16777216"
    "memorysetup-profiler-editor-allocator-block-size=1048576"
    "memorysetup-temp-allocator-size-main=16777216"
    "memorysetup-job-temp-allocator-block-size=2097152"
    "memorysetup-job-temp-allocator-block-size-background=1048576"
    "memorysetup-job-temp-allocator-reduction-small-platforms=262144"
    "memorysetup-allocator-temp-initial-block-size-main=262144"
    "memorysetup-allocator-temp-initial-block-size-worker=262144"
    "memorysetup-temp-allocator-size-background-worker=32768"
    "memorysetup-temp-allocator-size-job-worker=262144"
    "memorysetup-temp-allocator-size-preload-manager=33554432"
    "memorysetup-temp-allocator-size-nav-mesh-worker=65536"
    "memorysetup-temp-allocator-size-audio-worker=65536"
    "memorysetup-temp-allocator-size-cloud-worker=32768"
    "memorysetup-temp-allocator-size-gi-baking-worker=262144"
    "memorysetup-temp-allocator-size-gfx=262144"
Player connection [33024] Host "[IP] 192.168.1.129 [Port] 0 [Flags] 2 [Guid] 4094869122 [EditorId] 4094869122 [Version] 1048832 [Id] WindowsEditor(7,DESKTOP-L8L46BD) [Debug] 1 [PackageName] WindowsEditor [ProjectName] Editor" joined multi-casting on [225.0.0.222:54997]...

Player connection [33024] Host "[IP] 192.168.1.129 [Port] 0 [Flags] 2 [Guid] 4094869122 [EditorId] 4094869122 [Version] 1048832 [Id] WindowsEditor(7,DESKTOP-L8L46BD) [Debug] 1 [PackageName] WindowsEditor [ProjectName] Editor" joined alternative multi-casting on [225.0.0.222:34997]...

Refreshing native plugins compatible for Editor in 75.57 ms, found 12 plugins.
Preloading 1 native plugins for Editor in 1.01 ms.
Initialize engine version: 2022.3.5f1 (9674261d40ee)
[Subsystems] Discovering subsystems at path C:/Program Files/2022.3.5f1/Editor/Data/Resources/UnitySubsystems
[Subsystems] Discovering subsystems at path H:/Github/Femtography-VR/Femtography Unity/Assets
GfxDevice: creating device client; threaded=0; jobified=0
Direct3D:
    Version:  Direct3D 11.0 [level 11.1]
    Renderer: NVIDIA GeForce RTX 3060 (ID=0x2487)
    Vendor:   NVIDIA
    VRAM:     12124 MB
    Driver:   31.0.15.3623
Initialize mono
Mono path[0] = 'C:/Program Files/2022.3.5f1/Editor/Data/Managed'
Mono path[1] = 'C:/Program Files/2022.3.5f1/Editor/Data/MonoBleedingEdge/lib/mono/unityjit-win32'
Mono config path = 'C:/Program Files/2022.3.5f1/Editor/Data/MonoBleedingEdge/etc'
Using monoOptions --debugger-agent=transport=dt_socket,embedding=1,server=y,suspend=n,address=127.0.0.1:56344
Begin MonoManager ReloadAssembly
Registering precompiled unity dll's ...
Register platform support module: C:/Program Files/2022.3.5f1/Editor/Data/PlaybackEngines/AndroidPlayer/UnityEditor.Android.Extensions.dll
Register platform support module: C:/Program Files/2022.3.5f1/Editor/Data/PlaybackEngines/WindowsStandaloneSupport/UnityEditor.WindowsStandalone.Extensions.dll
Registered in 0.014280 seconds.
- Loaded All Assemblies, in  0.732 seconds
Native extension for WindowsStandalone target not found
Native extension for Android target not found
Mono: successfully reloaded assembly
- Finished resetting the current domain, in  1.545 seconds
Domain Reload Profiling: 2272ms
	BeginReloadAssembly (243ms)
		ExecutionOrderSort (0ms)
		DisableScriptedObjects (0ms)
		BackupInstance (0ms)
		ReleaseScriptingObjects (0ms)
		CreateAndSetChildDomain (1ms)
	RebuildCommonClasses (35ms)
	RebuildNativeTypeToScriptingClass (9ms)
	initialDomainReloadingComplete (62ms)
	LoadAllAssembliesAndSetupDomain (377ms)
		LoadAssemblies (239ms)
		RebuildTransferFunctionScriptingTraits (0ms)
		AnalyzeDomain (363ms)
			TypeCache.Refresh (362ms)
				TypeCache.ScanAssembly (159ms)
			ScanForSourceGeneratedMonoScriptInfo (0ms)
			ResolveRequiredComponents (0ms)
	FinalizeReload (1545ms)
		ReleaseScriptCaches (0ms)
		RebuildScriptCaches (0ms)
		SetupLoadedEditorAssemblies (1467ms)
			LogAssemblyErrors (0ms)
			InitializePlatformSupportModulesInManaged (167ms)
			SetLoadedEditorAssemblies (4ms)
			RefreshPlugins (0ms)
			BeforeProcessingInitializeOnLoad (2ms)
			ProcessInitializeOnLoadAttributes (1214ms)
			ProcessInitializeOnLoadMethodAttributes (79ms)
			AfterProcessingInitializeOnLoad (0ms)
			EditorAssembliesLoaded (0ms)
		ExecutionOrderSort2 (0ms)
		AwakeInstancesAfterBackupRestoration (0ms)
========================================================================
Worker process is ready to serve import requests
Begin MonoManager ReloadAssembly
Symbol file LoadedFromMemory is not a mono symbol file
- Loaded All Assemblies, in  0.882 seconds
Refreshing native plugins compatible for Editor in 27.07 ms, found 12 plugins.
Native extension for WindowsStandalone target not found
Native extension for Android target not found
System.Reflection.TargetInvocationException: Exception has been thrown by the target of an invocation. ---> System.NullReferenceException: Object reference not set to an instance of an object
  at Unity.XR.Oculus.OculusLoader.AssetPathToAbsolutePath (System.String assetPath) [0x0003d] in .\Library\PackageCache\com.unity.xr.oculus@4.0.0\Runtime\OculusLoader.cs:282 
  at Unity.XR.Oculus.OculusLoader.EditorLoadOVRPlugin () [0x0007b] in .\Library\PackageCache\com.unity.xr.oculus@4.0.0\Runtime\OculusLoader.cs:267 
  at (wrapper managed-to-native) System.Reflection.RuntimeMethodInfo.InternalInvoke(System.Reflection.RuntimeMethodInfo,object,object[],System.Exception&)
  at System.Reflection.RuntimeMethodInfo.Invoke (System.Object obj, System.Reflection.BindingFlags invokeAttr, System.Reflection.Binder binder, System.Object[] parameters, System.Globalization.CultureInfo culture) [0x0006a] in <eef08f56e2e042f1b3027eca477293d9>:0 
   --- End of inner exception stack trace ---
  at System.Reflection.RuntimeMethodInfo.Invoke (System.Object obj, System.Reflection.BindingFlags invokeAttr, System.Reflection.Binder binder, System.Object[] parameters, System.Globalization.CultureInfo culture) [0x00083] in <eef08f56e2e042f1b3027eca477293d9>:0 
  at System.Reflection.MethodBase.Invoke (System.Object obj, System.Object[] parameters) [0x00000] in <eef08f56e2e042f1b3027eca477293d9>:0 
  at UnityEditor.EditorAssemblies.ProcessInitializeOnLoadMethodAttributes () [0x000a5] in <bf6080dbf0564cf1b405dfd6e0dac725>:0 
0x00007ff779b18e4d (Unity) StackWalker::GetCurrentCallstack
0x00007ff779b1ddf9 (Unity) StackWalker::ShowCallstack
0x00007ff77aaeb121 (Unity) GetStacktrace
0x00007ff77b1ad922 (Unity) DebugStringToFile
0x00007ff778a697f6 (Unity) DebugLogHandler_CUSTOM_Internal_Log
0x000001cb73b6adf3 (Mono JIT Code) (wrapper managed-to-native) UnityEngine.DebugLogHandler:Internal_Log (UnityEngine.LogType,UnityEngine.LogOption,string,UnityEngine.Object)
0x000001cb73b6ad2b (Mono JIT Code) UnityEngine.DebugLogHandler:LogFormat (UnityEngine.LogType,UnityEngine.Object,string,object[])
0x000001cb73b68580 (Mono JIT Code) UnityEngine.Logger:Log (UnityEngine.LogType,object)
0x000001cb73b68445 (Mono JIT Code) UnityEngine.Debug:LogError (object)
0x000001cb73b589d3 (Mono JIT Code) UnityEditor.EditorAssemblies:ProcessInitializeOnLoadMethodAttributes ()
0x000001cb650a316d (Mono JIT Code) (wrapper runtime-invoke) object:runtime_invoke_void (object,intptr,intptr,intptr)
0x00007ffba100e0d4 (mono-2.0-bdwgc) mono_jit_runtime_invoke (at C:/build/output/Unity-Technologies/mono/mono/mini/mini-runtime.c:3445)
0x00007ffba0f4eb74 (mono-2.0-bdwgc) do_runtime_invoke (at C:/build/output/Unity-Technologies/mono/mono/metadata/object.c:3066)
0x00007ffba0f4ed0c (mono-2.0-bdwgc) mono_runtime_invoke (at C:/build/output/Unity-Technologies/mono/mono/metadata/object.c:3113)
0x00007ff779a37bc4 (Unity) scripting_method_invoke
0x00007ff779a16844 (Unity) ScriptingInvocation::Invoke
0x00007ff779a11495 (Unity) ScriptingInvocation::Invoke<void>
0x00007ff779b5b60b (Unity) Scripting::UnityEditor::EditorAssembliesProxy::ProcessInitializeOnLoadMethodAttributes
0x00007ff779a0b050 (Unity) MonoManager::SetupLoadedEditorAssemblies
0x00007ff779a00b59 (Unity) MonoManager::FinalizeReload
0x00007ff77ade6fda (Unity) ScriptingInitializer::FinalizeReload
0x00007ff77a9954eb (Unity) LoadUserAssemblies
0x00007ff77ae95aff (Unity) <lambda_e4c09a862f47a773e31babb76239f51f>::operator()
0x00007ff77aecf1d2 (Unity) asio::detail::completion_handler<core::mutable_function<void __cdecl(void)>,asio::io_context::basic_executor_type<std::allocator<void>,0> >::do_complete
0x00007ff77aebb17e (Unity) asio::detail::win_iocp_io_context::do_one
0x00007ff77aebcdae (Unity) asio::detail::win_iocp_io_context::run
0x00007ff77aecd57c (Unity) IOService::Run
0x00007ff77aea1d3f (Unity) AssetImportWorkerClient::Run
0x00007ff77ae6ca27 (Unity) RunAssetImportWorkerClientV2
0x00007ff77ae6caab (Unity) RunAssetImporterV2
0x00007ff77a6712c1 (Unity) Application::InitializeProject
0x00007ff77aaf6575 (Unity) WinMain
0x00007ff77bee133e (Unity) __scrt_common_main_seh
0x00007ffc41ab26ad (KERNEL32) BaseThreadInitThunk
0x00007ffc432eaa68 (ntdll) RtlUserThreadStart

Mono: successfully reloaded assembly
Package Manager log level set to [2]
[Package Manager] Server::EnsureServerProcessIsRunning -- launch failed, reason: Unity was launched with the -noUpm command-line argument
[Package Manager] UpmClient::Send -- Unable to send message (not connected to UPM process).
[Package Manager] Cannot connect to Unity Package Manager local server
[Package Manager] Server::EnsureServerProcessIsRunning -- launch failed, reason: Unity was launched with the -noUpm command-line argument
[Package Manager] UpmClient::Send -- Unable to send message (not connected to UPM process).
[Package Manager] Cannot connect to Unity Package Manager local server
- Finished resetting the current domain, in  0.977 seconds
Domain Reload Profiling: 1849ms
	BeginReloadAssembly (165ms)
		ExecutionOrderSort (0ms)
		DisableScriptedObjects (5ms)
		BackupInstance (0ms)
		ReleaseScriptingObjects (0ms)
		CreateAndSetChildDomain (23ms)
	RebuildCommonClasses (29ms)
	RebuildNativeTypeToScriptingClass (8ms)
	initialDomainReloadingComplete (43ms)
	LoadAllAssembliesAndSetupDomain (626ms)
		LoadAssemblies (423ms)
		RebuildTransferFunctionScriptingTraits (0ms)
		AnalyzeDomain (283ms)
			TypeCache.Refresh (247ms)
				TypeCache.ScanAssembly (232ms)
			ScanForSourceGeneratedMonoScriptInfo (27ms)
			ResolveRequiredComponents (10ms)
	FinalizeReload (977ms)
		ReleaseScriptCaches (0ms)
		RebuildScriptCaches (0ms)
		SetupLoadedEditorAssemblies (827ms)
			LogAssemblyErrors (0ms)
			InitializePlatformSupportModulesInManaged (24ms)
			SetLoadedEditorAssemblies (3ms)
			RefreshPlugins (0ms)
			BeforeProcessingInitializeOnLoad (85ms)
			ProcessInitializeOnLoadAttributes (364ms)
			ProcessInitializeOnLoadMethodAttributes (340ms)
			AfterProcessingInitializeOnLoad (10ms)
			EditorAssembliesLoaded (0ms)
		ExecutionOrderSort2 (0ms)
		AwakeInstancesAfterBackupRestoration (5ms)
Launched and connected shader compiler UnityShaderCompiler.exe after 0.04 seconds
Refreshing native plugins compatible for Editor in 56.95 ms, found 12 plugins.
Preloading 1 native plugins for Editor in 0.14 ms.
Unloading 6649 Unused Serialized files (Serialized files now loaded: 0)
Unloading 167 unused Assets / (384.2 KB). Loaded Objects now: 7105.
Memory consumption went from 277.0 MB to 276.7 MB.
Total: 12.412300 ms (FindLiveObjects: 0.978800 ms CreateObjectMapping: 0.538100 ms MarkObjects: 10.432900 ms  DeleteObjects: 0.461100 ms)

AssetImportParameters requested are different than current active one (requested -> active):
  custom:container-demuxer-ogg: 62fdf1f143b41e24485cea50d1cbac27 -> 
  custom:framework-win-MediaFoundation: 216162199b28c13a410421893ffa2e32 -> 
  custom:container-muxer-webm: aa71ff27fc2769a1b78a27578f13a17b -> 
  custom:video-decoder-webm-vp8: 9c59270c3fd7afecdb556c50c9e8de78 -> 
  custom:AudioImporter_EditorPlatform: d09bf68614088b80899f8185d706f6e7 -> 
  custom:audio-decoder-ogg-vorbis: bf7c407c2cedff20999df2af8eb42d56 -> 
  custom:audio-encoder-webm-vorbis: bf7c407c2cedff20999df2af8eb42d56 -> 
  custom:video-codec-MediaFoundation-h265: e54d7ab0439102e2317fc1e4b246158d -> 
  custom:video-decoder-ogg-theora: a1e56fd34408186e4bbccfd4996cb3dc -> 
  custom:CustomObjectIndexerAttribute: d54d2f2da18e7612c182cf67624b6b12 -> 
  custom:container-demuxer-webm: 4f35f7cbe854078d1ac9338744f61a02 -> 
  custom:video-encoder-webm-vp8: eb34c28f22e8b96e1ab97ce403110664 -> 
========================================================================
Received Import Request.
  Time since last request: 166634.904237 seconds.
  path: Assets/Materials/Museum/ShrinkField.mat
  artifactKey: Guid(bf832ba5112651a4aaa02bc433fec037) Importer(815301076,1909f56bfc062723c751e8b465ee728b)
Start importing Assets/Materials/Museum/ShrinkField.mat using Guid(bf832ba5112651a4aaa02bc433fec037) Importer(815301076,1909f56bfc062723c751e8b465ee728b)  -> (artifact id: '7738f10e3178ac5d4fc9c52e78302e95') in 0.020250 seconds
Number of updated asset objects reloaded before import = 0
Number of asset objects unloaded after import = 2
========================================================================
Received Import Request.
  Time since last request: 0.000027 seconds.
  path: Assets/Materials/Museum/YellowLight.mat
  artifactKey: Guid(b6e379b0c5d28e7488e4b5309b56cb43) Importer(815301076,1909f56bfc062723c751e8b465ee728b)
Start importing Assets/Materials/Museum/YellowLight.mat using Guid(b6e379b0c5d28e7488e4b5309b56cb43) Importer(815301076,1909f56bfc062723c751e8b465ee728b)  -> (artifact id: 'e88ea0df1fdc9c081264077a3e2ce41e') in 0.001706 seconds
Number of updated asset objects reloaded before import = 0
Number of asset objects unloaded after import = 1
========================================================================
Received Import Request.
  Time since last request: 0.000052 seconds.
  path: Assets/Materials/Museum/BlueLight.mat
  artifactKey: Guid(c7ed2ac61efd08e4593ac72bc111dcf3) Importer(815301076,1909f56bfc062723c751e8b465ee728b)
Start importing Assets/Materials/Museum/BlueLight.mat using Guid(c7ed2ac61efd08e4593ac72bc111dcf3) Importer(815301076,1909f56bfc062723c751e8b465ee728b)  -> (artifact id: '344f5030b48a7c6afd026165bad471b8') in 0.002033 seconds
Number of updated asset objects reloaded before import = 0
Number of asset objects unloaded after import = 1
========================================================================
Received Import Request.
  Time since last request: 0.000016 seconds.
  path: Assets/Materials/Museum/RedLight.mat
  artifactKey: Guid(c0efb1307efe3ac4fbf56476bf337d73) Importer(815301076,1909f56bfc062723c751e8b465ee728b)
Start importing Assets/Materials/Museum/RedLight.mat using Guid(c0efb1307efe3ac4fbf56476bf337d73) Importer(815301076,1909f56bfc062723c751e8b465ee728b)  -> (artifact id: '19a2628b3a539568ec953bbade6ee1e6') in 0.001582 seconds
Number of updated asset objects reloaded before import = 0
Number of asset objects unloaded after import = 1
========================================================================
Received Import Request.
  Time since last request: 0.000023 seconds.
  path: Assets/Materials/Museum/ShiftingWall.mat
  artifactKey: Guid(86b154d189027974986b1555c9785104) Importer(815301076,1909f56bfc062723c751e8b465ee728b)
Start importing Assets/Materials/Museum/ShiftingWall.mat using Guid(86b154d189027974986b1555c9785104) Importer(815301076,1909f56bfc062723c751e8b465ee728b)  -> (artifact id: '96ecd57af09664f64c78b414bd33669c') in 0.001858 seconds
Number of updated asset objects reloaded before import = 0
Number of asset objects unloaded after import = 1
========================================================================
Received Import Request.
  Time since last request: 0.000014 seconds.
  path: Assets/Materials/Museum/TestMat.mat
  artifactKey: Guid(a9c96989bfc47c34dbba860b8f28e0aa) Importer(815301076,1909f56bfc062723c751e8b465ee728b)
Start importing Assets/Materials/Museum/TestMat.mat using Guid(a9c96989bfc47c34dbba860b8f28e0aa) Importer(815301076,1909f56bfc062723c751e8b465ee728b)  -> (artifact id: '99e026a846fcb154e73e8f889dfea738') in 0.001302 seconds
Number of updated asset objects reloaded before import = 0
Number of asset objects unloaded after import = 1
========================================================================
Received Import Request.
  Time since last request: 1013.885532 seconds.
  path: Assets/Materials/Particles/BlueQuark.mat
  artifactKey: Guid(71ec56b4cd877cf449ed2da1f54efb96) Importer(815301076,1909f56bfc062723c751e8b465ee728b)
Start importing Assets/Materials/Particles/BlueQuark.mat using Guid(71ec56b4cd877cf449ed2da1f54efb96) Importer(815301076,1909f56bfc062723c751e8b465ee728b)  -> (artifact id: 'ef07aa5939fb71805feff1fda19f83d9') in 0.001588 seconds
Number of updated asset objects reloaded before import = 37
Number of asset objects unloaded after import = 1
========================================================================
Received Import Request.
  Time since last request: 0.000015 seconds.
  path: Assets/Materials/Particles/BrightParticle.mat
  artifactKey: Guid(86e0d8ca20953c741ba3f8565de29f32) Importer(815301076,1909f56bfc062723c751e8b465ee728b)
Start importing Assets/Materials/Particles/BrightParticle.mat using Guid(86e0d8ca20953c741ba3f8565de29f32) Importer(815301076,1909f56bfc062723c751e8b465ee728b)  -> (artifact id: '7e5ad84678ab54209bc5cf900dce54b5') in 0.002450 seconds
Number of updated asset objects reloaded before import = 0
Number of asset objects unloaded after import = 1
========================================================================
Received Import Request.
  Time since last request: 0.000011 seconds.
  path: Assets/Materials/Particles/CyanQuark.mat
  artifactKey: Guid(42e6cb15a40535443853d3e44d28038b) Importer(815301076,1909f56bfc062723c751e8b465ee728b)
Start importing Assets/Materials/Particles/CyanQuark.mat using Guid(42e6cb15a40535443853d3e44d28038b) Importer(815301076,1909f56bfc062723c751e8b465ee728b)  -> (artifact id: '69976e1938de8e4787f276f2b50ae4fd') in 0.001556 seconds
Number of updated asset objects reloaded before import = 0
Number of asset objects unloaded after import = 1
========================================================================
Received Import Request.
  Time since last request: 0.714215 seconds.
  path: Assets/Materials/Particles/GreenQuark.mat
  artifactKey: Guid(3905421f1c6c2284bb8bbca9ca9a4195) Importer(815301076,1909f56bfc062723c751e8b465ee728b)
Start importing Assets/Materials/Particles/GreenQuark.mat using Guid(3905421f1c6c2284bb8bbca9ca9a4195) Importer(815301076,1909f56bfc062723c751e8b465ee728b)  -> (artifact id: 'fa49274db36ec61ebefcdc9636470c20') in 0.001037 seconds
Number of updated asset objects reloaded before import = 0
Number of asset objects unloaded after import = 1
========================================================================
Received Import Request.
  Time since last request: 0.000010 seconds.
  path: Assets/Materials/Particles/OuterElectron.mat
  artifactKey: Guid(994444953833f854d81b84780ad7c558) Importer(815301076,1909f56bfc062723c751e8b465ee728b)
Start importing Assets/Materials/Particles/OuterElectron.mat using Guid(994444953833f854d81b84780ad7c558) Importer(815301076,1909f56bfc062723c751e8b465ee728b)  -> (artifact id: 'ad2d0666b35c650a6dbc019ffe4e238d') in 0.001790 seconds
Number of updated asset objects reloaded before import = 0
Number of asset objects unloaded after import = 2
========================================================================
Received Import Request.
  Time since last request: 0.003213 seconds.
  path: Assets/Materials/Particles/ProtonMaterialOpaque.mat
  artifactKey: Guid(87b874e46fe9a4b45a9ce62b2d8e9120) Importer(815301076,1909f56bfc062723c751e8b465ee728b)
Start importing Assets/Materials/Particles/ProtonMaterialOpaque.mat using Guid(87b874e46fe9a4b45a9ce62b2d8e9120) Importer(815301076,1909f56bfc062723c751e8b465ee728b)  -> (artifact id: '4e570e21f068fe917c14222a36ab5e62') in 0.002015 seconds
Number of updated asset objects reloaded before import = 0
Number of asset objects unloaded after import = 2
========================================================================
Received Import Request.
  Time since last request: 0.000010 seconds.
  path: Assets/Materials/Particles/ProtonMaterialTransparentMuseum.mat
  artifactKey: Guid(34c535c609e17584297a0cc32595c03f) Importer(815301076,1909f56bfc062723c751e8b465ee728b)
Start importing Assets/Materials/Particles/ProtonMaterialTransparentMuseum.mat using Guid(34c535c609e17584297a0cc32595c03f) Importer(815301076,1909f56bfc062723c751e8b465ee728b)  -> (artifact id: '9b5ed95bcd9525e15c4a7d70c503d940') in 0.000740 seconds
Number of updated asset objects reloaded before import = 0
Number of asset objects unloaded after import = 1
========================================================================
Received Import Request.
  Time since last request: 0.000013 seconds.
  path: Assets/Materials/Particles/ParticleTransparentUnbound.mat
  artifactKey: Guid(08e6121305c2c054eb3d19e9bc3e235b) Importer(815301076,1909f56bfc062723c751e8b465ee728b)
Start importing Assets/Materials/Particles/ParticleTransparentUnbound.mat using Guid(08e6121305c2c054eb3d19e9bc3e235b) Importer(815301076,1909f56bfc062723c751e8b465ee728b)  -> (artifact id: '86dac5aa2f862f6e50329022c8e565b1') in 0.001967 seconds
Number of updated asset objects reloaded before import = 0
Number of asset objects unloaded after import = 2
========================================================================
Received Import Request.
  Time since last request: 1.594996 seconds.
  path: Assets/Materials/Particles/White.mat
  artifactKey: Guid(334bf82bc6f9b6247bcc3e6a425cd495) Importer(815301076,1909f56bfc062723c751e8b465ee728b)
Start importing Assets/Materials/Particles/White.mat using Guid(334bf82bc6f9b6247bcc3e6a425cd495) Importer(815301076,1909f56bfc062723c751e8b465ee728b)  -> (artifact id: 'e45c077e1e49c44d8d664646cf7d605f') in 0.001051 seconds
Number of updated asset objects reloaded before import = 0
Number of asset objects unloaded after import = 1
Editor requested this worker to shutdown with reason: Scaling down because of idle timeout
TcpMessagingSession - receive error: operation aborted. errorcode: 995, details: The I/O operation has been aborted because of either a thread exit or an application request.
AssetImportWorker is now disconnected from the server
Process exiting
Exiting without the bug reporter. Application will terminate with return code 0