Using pre-set license
Built from '2022.3/release' branch; Version is '2022.3.0f1 (fb119bb0b476) revision 16454043'; Using compiler version '192829333'; Build Type 'Release'
OS: 'Windows 11  (10.0.22621) 64bit Core' Language: 'en' Physical Memory: 65461 MB
BatchMode: 1, IsHumanControllingUs: 0, StartBugReporterOnCrash: 0, Is64bit: 1, IsPro: 1

COMMAND LINE ARGUMENTS:
D:\Program Files 2\2022.3.0f1\Editor\Unity.exe
-adb2
-batchMode
-noUpm
-name
AssetImportWorker3
-projectPath
H:/Github/Femtography-VR/Femtography Unity
-logFile
Logs/AssetImportWorker3.log
-srvPort
53172
Successfully changed project path to: H:/Github/Femtography-VR/Femtography Unity
H:/Github/Femtography-VR/Femtography Unity
[UnityMemory] Configuration Parameters - Can be set up in boot.config
    "memorysetup-bucket-allocator-granularity=16"
    "memorysetup-bucket-allocator-bucket-count=8"
    "memorysetup-bucket-allocator-block-size=33554432"
    "memorysetup-bucket-allocator-block-count=8"
    "memorysetup-main-allocator-block-size=16777216"
    "memorysetup-thread-allocator-block-size=16777216"
    "memorysetup-gfx-main-allocator-block-size=16777216"
    "memorysetup-gfx-thread-allocator-block-size=16777216"
    "memorysetup-cache-allocator-block-size=4194304"
    "memorysetup-typetree-allocator-block-size=2097152"
    "memorysetup-profiler-bucket-allocator-granularity=16"
    "memorysetup-profiler-bucket-allocator-bucket-count=8"
    "memorysetup-profiler-bucket-allocator-block-size=33554432"
    "memorysetup-profiler-bucket-allocator-block-count=8"
    "memorysetup-profiler-allocator-block-size=16777216"
    "memorysetup-profiler-editor-allocator-block-size=1048576"
    "memorysetup-temp-allocator-size-main=16777216"
    "memorysetup-job-temp-allocator-block-size=2097152"
    "memorysetup-job-temp-allocator-block-size-background=1048576"
    "memorysetup-job-temp-allocator-reduction-small-platforms=262144"
    "memorysetup-allocator-temp-initial-block-size-main=262144"
    "memorysetup-allocator-temp-initial-block-size-worker=262144"
    "memorysetup-temp-allocator-size-background-worker=32768"
    "memorysetup-temp-allocator-size-job-worker=262144"
    "memorysetup-temp-allocator-size-preload-manager=33554432"
    "memorysetup-temp-allocator-size-nav-mesh-worker=65536"
    "memorysetup-temp-allocator-size-audio-worker=65536"
    "memorysetup-temp-allocator-size-cloud-worker=32768"
    "memorysetup-temp-allocator-size-gi-baking-worker=262144"
    "memorysetup-temp-allocator-size-gfx=262144"
Player connection [44236] Host "[IP] 192.168.1.129 [Port] 0 [Flags] 2 [Guid] 755249809 [EditorId] 755249809 [Version] 1048832 [Id] WindowsEditor(7,DESKTOP-L8L46BD) [Debug] 1 [PackageName] WindowsEditor [ProjectName] Editor" joined multi-casting on [225.0.0.222:54997]...

Player connection [44236] Host "[IP] 192.168.1.129 [Port] 0 [Flags] 2 [Guid] 755249809 [EditorId] 755249809 [Version] 1048832 [Id] WindowsEditor(7,DESKTOP-L8L46BD) [Debug] 1 [PackageName] WindowsEditor [ProjectName] Editor" joined alternative multi-casting on [225.0.0.222:34997]...

Refreshing native plugins compatible for Editor in 32.93 ms, found 12 plugins.
Preloading 1 native plugins for Editor in 0.45 ms.
Initialize engine version: 2022.3.0f1 (fb119bb0b476)
[Subsystems] Discovering subsystems at path D:/Program Files 2/2022.3.0f1/Editor/Data/Resources/UnitySubsystems
[Subsystems] Discovering subsystems at path H:/Github/Femtography-VR/Femtography Unity/Assets
GfxDevice: creating device client; threaded=0; jobified=0
Direct3D:
    Version:  Direct3D 11.0 [level 11.1]
    Renderer: NVIDIA GeForce RTX 3060 (ID=0x2487)
    Vendor:   NVIDIA
    VRAM:     12137 MB
    Driver:   31.0.15.1694
Initialize mono
Mono path[0] = 'D:/Program Files 2/2022.3.0f1/Editor/Data/Managed'
Mono path[1] = 'D:/Program Files 2/2022.3.0f1/Editor/Data/MonoBleedingEdge/lib/mono/unityjit-win32'
Mono config path = 'D:/Program Files 2/2022.3.0f1/Editor/Data/MonoBleedingEdge/etc'
Using monoOptions --debugger-agent=transport=dt_socket,embedding=1,server=y,suspend=n,address=127.0.0.1:56408
Begin MonoManager ReloadAssembly
Registering precompiled unity dll's ...
Register platform support module: D:/Program Files 2/2022.3.0f1/Editor/Data/PlaybackEngines/WebGLSupport/UnityEditor.WebGL.Extensions.dll
Register platform support module: D:/Program Files 2/2022.3.0f1/Editor/Data/PlaybackEngines/AndroidPlayer/UnityEditor.Android.Extensions.dll
Register platform support module: D:/Program Files 2/2022.3.0f1/Editor/Data/PlaybackEngines/WindowsStandaloneSupport/UnityEditor.WindowsStandalone.Extensions.dll
Registered in 0.006785 seconds.
- Loaded All Assemblies, in  0.247 seconds
Native extension for WindowsStandalone target not found
Native extension for Android target not found
Android Extension - Scanning For ADB Devices 265 ms
Native extension for WebGL target not found
Mono: successfully reloaded assembly
- Finished resetting the current domain, in  0.485 seconds
Domain Reload Profiling: 731ms
	BeginReloadAssembly (81ms)
		ExecutionOrderSort (0ms)
		DisableScriptedObjects (0ms)
		BackupInstance (0ms)
		ReleaseScriptingObjects (0ms)
		CreateAndSetChildDomain (0ms)
	RebuildCommonClasses (23ms)
	RebuildNativeTypeToScriptingClass (7ms)
	initialDomainReloadingComplete (37ms)
	LoadAllAssembliesAndSetupDomain (99ms)
		LoadAssemblies (82ms)
		RebuildTransferFunctionScriptingTraits (0ms)
		AnalyzeDomain (96ms)
			TypeCache.Refresh (95ms)
				TypeCache.ScanAssembly (87ms)
			ScanForSourceGeneratedMonoScriptInfo (0ms)
			ResolveRequiredComponents (0ms)
	FinalizeReload (485ms)
		ReleaseScriptCaches (0ms)
		RebuildScriptCaches (0ms)
		SetupLoadedEditorAssemblies (449ms)
			LogAssemblyErrors (0ms)
			InitializePlatformSupportModulesInManaged (351ms)
			SetLoadedEditorAssemblies (2ms)
			RefreshPlugins (0ms)
			BeforeProcessingInitializeOnLoad (1ms)
			ProcessInitializeOnLoadAttributes (65ms)
			ProcessInitializeOnLoadMethodAttributes (31ms)
			AfterProcessingInitializeOnLoad (0ms)
			EditorAssembliesLoaded (0ms)
		ExecutionOrderSort2 (0ms)
		AwakeInstancesAfterBackupRestoration (0ms)
========================================================================
Worker process is ready to serve import requests
Begin MonoManager ReloadAssembly
Symbol file LoadedFromMemory is not a mono symbol file
- Loaded All Assemblies, in  0.635 seconds
Refreshing native plugins compatible for Editor in 13.62 ms, found 12 plugins.
Native extension for WindowsStandalone target not found
Native extension for Android target not found
Native extension for WebGL target not found
System.Reflection.TargetInvocationException: Exception has been thrown by the target of an invocation. ---> System.NullReferenceException: Object reference not set to an instance of an object
  at Unity.XR.Oculus.OculusLoader.AssetPathToAbsolutePath (System.String assetPath) [0x0003d] in .\Library\PackageCache\com.unity.xr.oculus@4.0.0\Runtime\OculusLoader.cs:282 
  at Unity.XR.Oculus.OculusLoader.EditorLoadOVRPlugin () [0x0007b] in .\Library\PackageCache\com.unity.xr.oculus@4.0.0\Runtime\OculusLoader.cs:267 
  at (wrapper managed-to-native) System.Reflection.RuntimeMethodInfo.InternalInvoke(System.Reflection.RuntimeMethodInfo,object,object[],System.Exception&)
  at System.Reflection.RuntimeMethodInfo.Invoke (System.Object obj, System.Reflection.BindingFlags invokeAttr, System.Reflection.Binder binder, System.Object[] parameters, System.Globalization.CultureInfo culture) [0x0006a] in <6aa56e57ab504395b555cf3ed50fa53d>:0 
   --- End of inner exception stack trace ---
  at System.Reflection.RuntimeMethodInfo.Invoke (System.Object obj, System.Reflection.BindingFlags invokeAttr, System.Reflection.Binder binder, System.Object[] parameters, System.Globalization.CultureInfo culture) [0x00083] in <6aa56e57ab504395b555cf3ed50fa53d>:0 
  at System.Reflection.MethodBase.Invoke (System.Object obj, System.Object[] parameters) [0x00000] in <6aa56e57ab504395b555cf3ed50fa53d>:0 
  at UnityEditor.EditorAssemblies.ProcessInitializeOnLoadMethodAttributes () [0x000a5] in <4911eca47f294e18a7b3306f02701303>:0 
0x00007ff68fcbda0d (Unity) StackWalker::GetCurrentCallstack
0x00007ff68fcc29b9 (Unity) StackWalker::ShowCallstack
0x00007ff690ca5c71 (Unity) GetStacktrace
0x00007ff691367552 (Unity) DebugStringToFile
0x00007ff68ebf02a6 (Unity) DebugLogHandler_CUSTOM_Internal_Log
0x000002caffaa20f3 (Mono JIT Code) (wrapper managed-to-native) UnityEngine.DebugLogHandler:Internal_Log (UnityEngine.LogType,UnityEngine.LogOption,string,UnityEngine.Object)
0x000002caffaa200b (Mono JIT Code) UnityEngine.DebugLogHandler:LogFormat (UnityEngine.LogType,UnityEngine.Object,string,object[])
0x000002caffa9faf0 (Mono JIT Code) UnityEngine.Logger:Log (UnityEngine.LogType,object)
0x000002caffa9f9b5 (Mono JIT Code) UnityEngine.Debug:LogError (object)
0x000002caffa8edd3 (Mono JIT Code) UnityEditor.EditorAssemblies:ProcessInitializeOnLoadMethodAttributes ()
0x000002caf36d671d (Mono JIT Code) (wrapper runtime-invoke) object:runtime_invoke_void (object,intptr,intptr,intptr)
0x00007ff9f4bee084 (mono-2.0-bdwgc) mono_jit_runtime_invoke (at C:/build/output/Unity-Technologies/mono/mono/mini/mini-runtime.c:3445)
0x00007ff9f4b2eb84 (mono-2.0-bdwgc) do_runtime_invoke (at C:/build/output/Unity-Technologies/mono/mono/metadata/object.c:3066)
0x00007ff9f4b2ed1c (mono-2.0-bdwgc) mono_runtime_invoke (at C:/build/output/Unity-Technologies/mono/mono/metadata/object.c:3113)
0x00007ff68fbdc4c4 (Unity) scripting_method_invoke
0x00007ff68fbbb144 (Unity) ScriptingInvocation::Invoke
0x00007ff68fbb5d95 (Unity) ScriptingInvocation::Invoke<void>
0x00007ff68fd00e8b (Unity) Scripting::UnityEditor::EditorAssembliesProxy::ProcessInitializeOnLoadMethodAttributes
0x00007ff68fbafd60 (Unity) MonoManager::SetupLoadedEditorAssemblies
0x00007ff68fba5879 (Unity) MonoManager::FinalizeReload
0x00007ff690fa181a (Unity) ScriptingInitializer::FinalizeReload
0x00007ff690b4f8eb (Unity) LoadUserAssemblies
0x00007ff69104fe3f (Unity) <lambda_e4c09a862f47a773e31babb76239f51f>::operator()
0x00007ff6910892e2 (Unity) asio::detail::completion_handler<core::mutable_function<void __cdecl(void)>,asio::io_context::basic_executor_type<std::allocator<void>,0> >::do_complete
0x00007ff69107528e (Unity) asio::detail::win_iocp_io_context::do_one
0x00007ff691076ebe (Unity) asio::detail::win_iocp_io_context::run
0x00007ff69108768c (Unity) IOService::Run
0x00007ff69105c07f (Unity) AssetImportWorkerClient::Run
0x00007ff691026d87 (Unity) RunAssetImportWorkerClientV2
0x00007ff691026e0b (Unity) RunAssetImporterV2
0x00007ff690812d51 (Unity) Application::InitializeProject
0x00007ff690cb0f75 (Unity) WinMain
0x00007ff692095d2e (Unity) __scrt_common_main_seh
0x00007ffab8dd26ad (KERNEL32) BaseThreadInitThunk
0x00007ffab9dca9f8 (ntdll) RtlUserThreadStart

Mono: successfully reloaded assembly
Package Manager log level set to [2]
[Package Manager] Server::EnsureServerProcessIsRunning -- launch failed, reason: Unity was launched with the -noUpm command-line argument
[Package Manager] UpmClient::Send -- Unable to send message (not connected to UPM process).
[Package Manager] Cannot connect to Unity Package Manager local server
[Package Manager] Server::EnsureServerProcessIsRunning -- launch failed, reason: Unity was launched with the -noUpm command-line argument
[Package Manager] UpmClient::Send -- Unable to send message (not connected to UPM process).
[Package Manager] Cannot connect to Unity Package Manager local server
- Finished resetting the current domain, in  0.849 seconds
Domain Reload Profiling: 1484ms
	BeginReloadAssembly (106ms)
		ExecutionOrderSort (0ms)
		DisableScriptedObjects (4ms)
		BackupInstance (0ms)
		ReleaseScriptingObjects (0ms)
		CreateAndSetChildDomain (15ms)
	RebuildCommonClasses (23ms)
	RebuildNativeTypeToScriptingClass (7ms)
	initialDomainReloadingComplete (29ms)
	LoadAllAssembliesAndSetupDomain (471ms)
		LoadAssemblies (288ms)
		RebuildTransferFunctionScriptingTraits (0ms)
		AnalyzeDomain (246ms)
			TypeCache.Refresh (210ms)
				TypeCache.ScanAssembly (197ms)
			ScanForSourceGeneratedMonoScriptInfo (24ms)
			ResolveRequiredComponents (11ms)
	FinalizeReload (849ms)
		ReleaseScriptCaches (0ms)
		RebuildScriptCaches (0ms)
		SetupLoadedEditorAssemblies (709ms)
			LogAssemblyErrors (0ms)
			InitializePlatformSupportModulesInManaged (16ms)
			SetLoadedEditorAssemblies (3ms)
			RefreshPlugins (0ms)
			BeforeProcessingInitializeOnLoad (57ms)
			ProcessInitializeOnLoadAttributes (336ms)
			ProcessInitializeOnLoadMethodAttributes (296ms)
			AfterProcessingInitializeOnLoad (1ms)
			EditorAssembliesLoaded (0ms)
		ExecutionOrderSort2 (0ms)
		AwakeInstancesAfterBackupRestoration (5ms)
Launched and connected shader compiler UnityShaderCompiler.exe after 0.04 seconds
Refreshing native plugins compatible for Editor in 13.92 ms, found 12 plugins.
Preloading 1 native plugins for Editor in 0.03 ms.
Unloading 6366 Unused Serialized files (Serialized files now loaded: 0)
Unloading 164 unused Assets / (404.8 KB). Loaded Objects now: 6817.
Memory consumption went from 272.9 MB to 272.5 MB.
Total: 6.960400 ms (FindLiveObjects: 0.386900 ms CreateObjectMapping: 0.159400 ms MarkObjects: 6.113000 ms  DeleteObjects: 0.300300 ms)

AssetImportParameters requested are different than current active one (requested -> active):
  custom:container-demuxer-ogg: 62fdf1f143b41e24485cea50d1cbac27 -> 
  custom:video-codec-MediaFoundation-h265: e54d7ab0439102e2317fc1e4b246158d -> 
  custom:video-decoder-ogg-theora: a1e56fd34408186e4bbccfd4996cb3dc -> 
  custom:framework-win-MediaFoundation: 216162199b28c13a410421893ffa2e32 -> 
  custom:container-demuxer-webm: 4f35f7cbe854078d1ac9338744f61a02 -> 
  custom:container-muxer-webm: aa71ff27fc2769a1b78a27578f13a17b -> 
  custom:video-decoder-webm-vp8: 9c59270c3fd7afecdb556c50c9e8de78 -> 
  custom:AudioImporter_EditorPlatform: d09bf68614088b80899f8185d706f6e7 -> 
  custom:video-encoder-webm-vp8: eb34c28f22e8b96e1ab97ce403110664 -> 
  custom:audio-decoder-ogg-vorbis: bf7c407c2cedff20999df2af8eb42d56 -> 
  custom:audio-encoder-webm-vorbis: bf7c407c2cedff20999df2af8eb42d56 -> 
========================================================================
Received Import Request.
  Time since last request: 602006.161276 seconds.
  path: Assets/Models/button.blend
  artifactKey: Guid(136034b2b9bf1ad4897477bbb1498ee3) Importer(815301076,1909f56bfc062723c751e8b465ee728b)
Start importing Assets/Models/button.blend using Guid(136034b2b9bf1ad4897477bbb1498ee3) Importer(815301076,1909f56bfc062723c751e8b465ee728b)  -> (artifact id: 'e7dafd1f388f45628a824e8c3cc44f3a') in 0.019327 seconds
Number of updated asset objects reloaded before import = 0
Number of asset objects unloaded after import = 7
========================================================================
Received Import Request.
  Time since last request: 0.006841 seconds.
  path: Assets/Models/detector.fbx
  artifactKey: Guid(f1784c3893784ab4489748e884d9f93e) Importer(815301076,1909f56bfc062723c751e8b465ee728b)
Start importing Assets/Models/detector.fbx using Guid(f1784c3893784ab4489748e884d9f93e) Importer(815301076,1909f56bfc062723c751e8b465ee728b)  -> (artifact id: '5952e1dd4c64043f51ae70b716b4f583') in 0.002882 seconds
Number of updated asset objects reloaded before import = 0
Number of asset objects unloaded after import = 8
========================================================================
Received Import Request.
  Time since last request: 0.009540 seconds.
  path: Assets/Models/moving-arrow.blend
  artifactKey: Guid(da1107e8edeff1340a8d017830db08a3) Importer(815301076,1909f56bfc062723c751e8b465ee728b)
Start importing Assets/Models/moving-arrow.blend using Guid(da1107e8edeff1340a8d017830db08a3) Importer(815301076,1909f56bfc062723c751e8b465ee728b)  -> (artifact id: 'e1829834369363450442a3c5145fc7d3') in 0.001676 seconds
Number of updated asset objects reloaded before import = 0
Number of asset objects unloaded after import = 7
========================================================================
Received Import Request.
  Time since last request: 0.000010 seconds.
  path: Assets/Models/sensor-sphere-interior.fbx
  artifactKey: Guid(684b2519a8f721f4485a3f270ab4dcf5) Importer(815301076,1909f56bfc062723c751e8b465ee728b)
Start importing Assets/Models/sensor-sphere-interior.fbx using Guid(684b2519a8f721f4485a3f270ab4dcf5) Importer(815301076,1909f56bfc062723c751e8b465ee728b)  -> (artifact id: '81587a132b5e2245b44a31691ab77b11') in 0.075619 seconds
Number of updated asset objects reloaded before import = 0
Number of asset objects unloaded after import = 2686
========================================================================
Received Import Request.
  Time since last request: 0.000015 seconds.
  path: Assets/Models/pond_02.obj
  artifactKey: Guid(8581c8666500d0d408e2b685a2919de4) Importer(815301076,1909f56bfc062723c751e8b465ee728b)
Start importing Assets/Models/pond_02.obj using Guid(8581c8666500d0d408e2b685a2919de4) Importer(815301076,1909f56bfc062723c751e8b465ee728b)  -> (artifact id: '1f6f5932b3e1c1a17e67e48d5e5bb907') in 0.003550 seconds
Number of updated asset objects reloaded before import = 0
Number of asset objects unloaded after import = 14
========================================================================
Received Import Request.
  Time since last request: 0.000011 seconds.
  path: Assets/Models/sphere-to-plane.blend
  artifactKey: Guid(c15a232def70f474c8668ad57175b753) Importer(815301076,1909f56bfc062723c751e8b465ee728b)
Start importing Assets/Models/sphere-to-plane.blend using Guid(c15a232def70f474c8668ad57175b753) Importer(815301076,1909f56bfc062723c751e8b465ee728b)  -> (artifact id: '3baa692bf16609330bb16386c07bf67c') in 0.001994 seconds
Number of updated asset objects reloaded before import = 0
Number of asset objects unloaded after import = 7
========================================================================
Received Import Request.
  Time since last request: 0.000011 seconds.
  path: Assets/Models/photon.blend
  artifactKey: Guid(5cb4f8e20a44e9d4c96809a669e03ce6) Importer(815301076,1909f56bfc062723c751e8b465ee728b)
Start importing Assets/Models/photon.blend using Guid(5cb4f8e20a44e9d4c96809a669e03ce6) Importer(815301076,1909f56bfc062723c751e8b465ee728b)  -> (artifact id: '495ccbfae9d3beb4d76db6170de31405') in 0.003869 seconds
Number of updated asset objects reloaded before import = 0
Number of asset objects unloaded after import = 17
========================================================================
Received Import Request.
  Time since last request: 0.000012 seconds.
  path: Assets/Models/photon-text.blend
  artifactKey: Guid(05292c990b8c3f4419bfe3bb49f4d3a7) Importer(815301076,1909f56bfc062723c751e8b465ee728b)
Start importing Assets/Models/photon-text.blend using Guid(05292c990b8c3f4419bfe3bb49f4d3a7) Importer(815301076,1909f56bfc062723c751e8b465ee728b)  -> (artifact id: '0348754a4d6a4dd81284fb8a2322f03f') in 0.001970 seconds
Number of updated asset objects reloaded before import = 0
Number of asset objects unloaded after import = 14
========================================================================
Received Import Request.
  Time since last request: 0.000015 seconds.
  path: Assets/Models/proton.blend
  artifactKey: Guid(1b1430be6f87c31489aa2c72bdfcbf55) Importer(815301076,1909f56bfc062723c751e8b465ee728b)
Start importing Assets/Models/proton.blend using Guid(1b1430be6f87c31489aa2c72bdfcbf55) Importer(815301076,1909f56bfc062723c751e8b465ee728b)  -> (artifact id: 'de3bc9eed8f63848ecc065c248857e3f') in 0.005222 seconds
Number of updated asset objects reloaded before import = 0
Number of asset objects unloaded after import = 17
========================================================================
Received Import Request.
  Time since last request: 0.000011 seconds.
  path: Assets/Models/photon-cylinder.fbx
  artifactKey: Guid(dc97f695b405fcc4cb98fbea5c4c82e2) Importer(815301076,1909f56bfc062723c751e8b465ee728b)
Start importing Assets/Models/photon-cylinder.fbx using Guid(dc97f695b405fcc4cb98fbea5c4c82e2) Importer(815301076,1909f56bfc062723c751e8b465ee728b)  -> (artifact id: '73378fca82f39021d4e8576e21df3f76') in 0.001571 seconds
Number of updated asset objects reloaded before import = 0
Number of asset objects unloaded after import = 7
========================================================================
Received Import Request.
  Time since last request: 0.000009 seconds.
  path: Assets/Models/duck.obj
  artifactKey: Guid(6b1df82e73604a34088ec1a2854d3130) Importer(815301076,1909f56bfc062723c751e8b465ee728b)
Start importing Assets/Models/duck.obj using Guid(6b1df82e73604a34088ec1a2854d3130) Importer(815301076,1909f56bfc062723c751e8b465ee728b)  -> (artifact id: '4cd1f1c6d1132dcf52d3d005c1633519') in 0.001888 seconds
Number of updated asset objects reloaded before import = 0
Number of asset objects unloaded after import = 12
========================================================================
Received Import Request.
  Time since last request: 0.000013 seconds.
  path: Assets/Models/semi-circle-thin.fbx
  artifactKey: Guid(55f2fa95c5d0b72459cb89bca0ac38e9) Importer(815301076,1909f56bfc062723c751e8b465ee728b)
Start importing Assets/Models/semi-circle-thin.fbx using Guid(55f2fa95c5d0b72459cb89bca0ac38e9) Importer(815301076,1909f56bfc062723c751e8b465ee728b)  -> (artifact id: 'fe8b30751a0ee993ec8ffe54314a3ce6') in 0.001292 seconds
Number of updated asset objects reloaded before import = 0
Number of asset objects unloaded after import = 7
========================================================================
Received Import Request.
  Time since last request: 0.000020 seconds.
  path: Assets/Models/proton-text.blend
  artifactKey: Guid(aaa6d5b1528a1d145b1212de95432782) Importer(815301076,1909f56bfc062723c751e8b465ee728b)
Start importing Assets/Models/proton-text.blend using Guid(aaa6d5b1528a1d145b1212de95432782) Importer(815301076,1909f56bfc062723c751e8b465ee728b)  -> (artifact id: 'f87268fba8cd571e73d67c97f7eccc9c') in 0.002132 seconds
Number of updated asset objects reloaded before import = 0
Number of asset objects unloaded after import = 14
========================================================================
Received Import Request.
  Time since last request: 0.000011 seconds.
  path: Assets/Models/uvsphere.blend
  artifactKey: Guid(1ed7564017996db49b0324727287221b) Importer(815301076,1909f56bfc062723c751e8b465ee728b)
Start importing Assets/Models/uvsphere.blend using Guid(1ed7564017996db49b0324727287221b) Importer(815301076,1909f56bfc062723c751e8b465ee728b)  -> (artifact id: 'eb6f006ad78c9f02cc612f14ea578b7f') in 0.002968 seconds
Number of updated asset objects reloaded before import = 0
Number of asset objects unloaded after import = 7
========================================================================
Received Import Request.
  Time since last request: 0.000011 seconds.
  path: Assets/Models/quantum-particle-no-bones.fbx
  artifactKey: Guid(0c4d9b5bce5432f47a965f4831619d26) Importer(815301076,1909f56bfc062723c751e8b465ee728b)
Start importing Assets/Models/quantum-particle-no-bones.fbx using Guid(0c4d9b5bce5432f47a965f4831619d26) Importer(815301076,1909f56bfc062723c751e8b465ee728b)  -> (artifact id: '429d40e645b175e2ca97344b56bbf97c') in 0.001459 seconds
Number of updated asset objects reloaded before import = 0
Number of asset objects unloaded after import = 7
========================================================================
Received Import Request.
  Time since last request: 0.000011 seconds.
  path: Assets/Models/semi-circle.blend
  artifactKey: Guid(961f8a7a6a06c7247ac099a251dd967c) Importer(815301076,1909f56bfc062723c751e8b465ee728b)
Start importing Assets/Models/semi-circle.blend using Guid(961f8a7a6a06c7247ac099a251dd967c) Importer(815301076,1909f56bfc062723c751e8b465ee728b)  -> (artifact id: '3321aa5dc64e4bd2779db1e5c0ee25b6') in 0.004029 seconds
Number of updated asset objects reloaded before import = 0
Number of asset objects unloaded after import = 54
========================================================================
Received Import Request.
  Time since last request: 0.000012 seconds.
  path: Assets/Models/detector-text.blend
  artifactKey: Guid(427792a6297d24b4ba1cfed211057a3f) Importer(815301076,1909f56bfc062723c751e8b465ee728b)
Start importing Assets/Models/detector-text.blend using Guid(427792a6297d24b4ba1cfed211057a3f) Importer(815301076,1909f56bfc062723c751e8b465ee728b)  -> (artifact id: 'f7e24c8d4f71d92ca82378f923ac5114') in 0.001878 seconds
Number of updated asset objects reloaded before import = 0
Number of asset objects unloaded after import = 14
========================================================================
Received Import Request.
  Time since last request: 0.000011 seconds.
  path: Assets/Models/question-mark.blend
  artifactKey: Guid(5806f74c62301f54e9ef6dc95721632c) Importer(815301076,1909f56bfc062723c751e8b465ee728b)
Start importing Assets/Models/question-mark.blend using Guid(5806f74c62301f54e9ef6dc95721632c) Importer(815301076,1909f56bfc062723c751e8b465ee728b)  -> (artifact id: 'f4ab428566cd235bf1e2d85e9aef9c10') in 0.001533 seconds
Number of updated asset objects reloaded before import = 0
Number of asset objects unloaded after import = 7
========================================================================
Received Import Request.
  Time since last request: 0.000011 seconds.
  path: Assets/Models/flipped-sphere.fbx
  artifactKey: Guid(3415f71811ea4d040b5d6b305c4be836) Importer(815301076,1909f56bfc062723c751e8b465ee728b)
Start importing Assets/Models/flipped-sphere.fbx using Guid(3415f71811ea4d040b5d6b305c4be836) Importer(815301076,1909f56bfc062723c751e8b465ee728b)  -> (artifact id: 'bc72b03bf64ccf59e8b17f3f3a88a07c') in 0.001338 seconds
Number of updated asset objects reloaded before import = 0
Number of asset objects unloaded after import = 7
========================================================================
Received Import Request.
  Time since last request: 0.000014 seconds.
  path: Assets/Models/large-arch.fbx
  artifactKey: Guid(e29d04b7cf2c7364bb0ef7486b5e8bbe) Importer(815301076,1909f56bfc062723c751e8b465ee728b)
Start importing Assets/Models/large-arch.fbx using Guid(e29d04b7cf2c7364bb0ef7486b5e8bbe) Importer(815301076,1909f56bfc062723c751e8b465ee728b)  -> (artifact id: '0d719bde0f85d71a30d163c9019c8b08') in 0.001434 seconds
Number of updated asset objects reloaded before import = 0
Number of asset objects unloaded after import = 7
========================================================================
Received Import Request.
  Time since last request: 0.000014 seconds.
  path: Assets/Models/reverseRoom.blend
  artifactKey: Guid(de0eae57500e26247918462ea2464b4b) Importer(815301076,1909f56bfc062723c751e8b465ee728b)
Start importing Assets/Models/reverseRoom.blend using Guid(de0eae57500e26247918462ea2464b4b) Importer(815301076,1909f56bfc062723c751e8b465ee728b)  -> (artifact id: '391b62d9be24258027c29fc508b32c9d') in 0.001578 seconds
Number of updated asset objects reloaded before import = 0
Number of asset objects unloaded after import = 7
========================================================================
Received Import Request.
  Time since last request: 0.000012 seconds.
  path: Assets/Models/photon-cylinder.blend
  artifactKey: Guid(d0846c1169ac96743a85f63219027704) Importer(815301076,1909f56bfc062723c751e8b465ee728b)
Start importing Assets/Models/photon-cylinder.blend using Guid(d0846c1169ac96743a85f63219027704) Importer(815301076,1909f56bfc062723c751e8b465ee728b)  -> (artifact id: '3cb955ee2267dc0515c1e15efd62fa57') in 0.003596 seconds
Number of updated asset objects reloaded before import = 0
Number of asset objects unloaded after import = 7
========================================================================
Received Import Request.
  Time since last request: 0.000012 seconds.
  path: Assets/Models/Standing_lamp_01.obj
  artifactKey: Guid(5dda9a52e35c0904c9d7e0bab994b6f9) Importer(815301076,1909f56bfc062723c751e8b465ee728b)
Start importing Assets/Models/Standing_lamp_01.obj using Guid(5dda9a52e35c0904c9d7e0bab994b6f9) Importer(815301076,1909f56bfc062723c751e8b465ee728b)  -> (artifact id: '07befd3a388f2615a30a2a5d6068ab2e') in 0.006342 seconds
Number of updated asset objects reloaded before import = 0
Number of asset objects unloaded after import = 12
Editor requested this worker to shutdown with reason: Scaling down because of idle timeout
TcpMessagingSession - receive error: operation aborted. errorcode: 995, details: The I/O operation has been aborted because of either a thread exit or an application request.
AssetImportWorker is now disconnected from the server
Process exiting
Exiting without the bug reporter. Application will terminate with return code 0