
=== Wed Mar  9 14:47:39 2022

Packages were changed.
Update Mode: updateDependencies

The following packages were updated:
  com.unity.analytics from version 3.6.11 to 3.6.12
  com.unity.collab-proxy from version 1.9.0 to 1.15.7
  com.unity.ide.visualstudio from version 2.0.11 to 2.0.12
  com.unity.purchasing from version 3.2.2 to 4.1.2
  com.unity.render-pipelines.universal from version 10.4.0 to 10.8.1
  com.unity.shadergraph from version 10.6.0 to 10.8.1
  com.unity.visualeffectgraph from version 10.6.0 to 10.8.1
  com.unity.xr.openxr from version 1.1.1 to 1.3.1

=== Tue May 30 15:00:59 2023

Packages were changed.
Update Mode: updateDependencies

The following packages were updated:
  com.unity.burst from version 1.5.6 to 1.6.6
  com.unity.cinemachine from version 2.6.11 to 2.8.9
  com.unity.collab-proxy from version 1.15.7 to 2.0.4
  com.unity.collections from version 1.1.0 to 1.2.4
  com.unity.ide.visualstudio from version 2.0.12 to 2.0.18
  com.unity.ide.vscode from version 1.2.4 to 1.2.5
  com.unity.inputsystem from version 1.3.0 to 1.5.1
  com.unity.postprocessing from version 3.1.1 to 3.2.2
  com.unity.probuilder from version 4.5.2 to 5.0.7
  com.unity.purchasing from version 4.1.2 to 4.8.0
  com.unity.render-pipelines.universal from version 10.8.1 to 12.1.11
  com.unity.shadergraph from version 10.8.1 to 12.1.11
  com.unity.test-framework from version 1.1.29 to 1.1.33
  com.unity.timeline from version 1.4.8 to 1.6.5
  com.unity.visualeffectgraph from version 10.8.1 to 12.1.11
  com.unity.xr.interaction.toolkit from version 2.0.2 to 2.3.2
  com.unity.xr.oculus from version 1.11.2 to 3.3.0
  com.unity.xr.openxr from version 1.3.1 to 1.7.0

=== Tue May 30 15:52:47 2023

Packages were changed.
Update Mode: updateDependencies

The following packages were updated:
  com.unity.cinemachine from version 2.6.17 to 2.8.9
  com.unity.render-pipelines.universal from version 10.10.1 to 12.1.11
